<?xml version="1.0" encoding="UTF-8"?>
<!-- Generated by org.testng.reporters.JUnitReportReporter -->
<testsuite hostname="DESKTOP-5OHVMDG" failures="0" tests="1" name="testcases.DemoTest" time="0.084" errors="0" timestamp="2023-06-13T23:17:36 IST" skipped="0">
  <testcase classname="testcases.DemoTest" name="test1" time="0.084"/>
  <system-out/>
</testsuite> <!-- testcases.DemoTest -->
